0 info it worked if it ends with ok
1 verbose cli [ '/opt/boxen/nodenv/versions/v0.10/bin/node',
1 verbose cli   '/opt/boxen/nodenv/versions/v0.10/bin/npm',
1 verbose cli   'install' ]
2 info using npm@1.4.3
3 info using node@v0.10.26
4 verbose node symlink /opt/boxen/nodenv/versions/v0.10/bin/node
5 warn package.json bagel-styleguide@0.1.0 No README data
6 verbose readDependencies using package.json deps
7 verbose install where, deps [ '/Users/frodo/src/bagel-styleguide',
7 verbose install   [ 'bagel-functions',
7 verbose install     'bagel-theme-prototype',
7 verbose install     'bagel-layout',
7 verbose install     'grunt-shared-config',
7 verbose install     'assemble',
7 verbose install     'grunt',
7 verbose install     'grunt-cli',
7 verbose install     'grunt-contrib-watch',
7 verbose install     'grunt-contrib-clean',
7 verbose install     'grunt-contrib-copy',
7 verbose install     'grunt-contrib-cssmin',
7 verbose install     'grunt-contrib-sass',
7 verbose install     'grunt-myth',
7 verbose install     'load-grunt-tasks' ] ]
8 info preinstall bagel-styleguide@0.1.0
9 verbose readDependencies using package.json deps
10 verbose cache add [ 'grunt-shared-config@https://github.com/goodtwin/grunt-shared-config/archive/1f0a6e12b365ad9bda3e411f2a2cb74683df1d2e.tar.gz',
10 verbose cache add   null ]
11 verbose cache add name=undefined spec="grunt-shared-config@https://github.com/goodtwin/grunt-shared-config/archive/1f0a6e12b365ad9bda3e411f2a2cb74683df1d2e.tar.gz" args=["grunt-shared-config@https://github.com/goodtwin/grunt-shared-config/archive/1f0a6e12b365ad9bda3e411f2a2cb74683df1d2e.tar.gz",null]
12 verbose parsed url { protocol: null,
12 verbose parsed url   slashes: null,
12 verbose parsed url   auth: null,
12 verbose parsed url   host: null,
12 verbose parsed url   port: null,
12 verbose parsed url   hostname: null,
12 verbose parsed url   hash: null,
12 verbose parsed url   search: null,
12 verbose parsed url   query: null,
12 verbose parsed url   pathname: 'grunt-shared-config@https://github.com/goodtwin/grunt-shared-config/archive/1f0a6e12b365ad9bda3e411f2a2cb74683df1d2e.tar.gz',
12 verbose parsed url   path: 'grunt-shared-config@https://github.com/goodtwin/grunt-shared-config/archive/1f0a6e12b365ad9bda3e411f2a2cb74683df1d2e.tar.gz',
12 verbose parsed url   href: 'grunt-shared-config@https://github.com/goodtwin/grunt-shared-config/archive/1f0a6e12b365ad9bda3e411f2a2cb74683df1d2e.tar.gz' }
13 verbose cache add [ 'bagel-functions@https://github.com/goodtwin/bagel-functions/archive/3c4b85069978a83d567822e9c45faebadaf6a1ea.tar.gz',
13 verbose cache add   null ]
14 verbose cache add name=undefined spec="bagel-functions@https://github.com/goodtwin/bagel-functions/archive/3c4b85069978a83d567822e9c45faebadaf6a1ea.tar.gz" args=["bagel-functions@https://github.com/goodtwin/bagel-functions/archive/3c4b85069978a83d567822e9c45faebadaf6a1ea.tar.gz",null]
15 verbose parsed url { protocol: null,
15 verbose parsed url   slashes: null,
15 verbose parsed url   auth: null,
15 verbose parsed url   host: null,
15 verbose parsed url   port: null,
15 verbose parsed url   hostname: null,
15 verbose parsed url   hash: null,
15 verbose parsed url   search: null,
15 verbose parsed url   query: null,
15 verbose parsed url   pathname: 'bagel-functions@https://github.com/goodtwin/bagel-functions/archive/3c4b85069978a83d567822e9c45faebadaf6a1ea.tar.gz',
15 verbose parsed url   path: 'bagel-functions@https://github.com/goodtwin/bagel-functions/archive/3c4b85069978a83d567822e9c45faebadaf6a1ea.tar.gz',
15 verbose parsed url   href: 'bagel-functions@https://github.com/goodtwin/bagel-functions/archive/3c4b85069978a83d567822e9c45faebadaf6a1ea.tar.gz' }
16 verbose cache add [ 'bagel-theme-prototype@https://github.com/goodtwin/bagel-theme-prototype/archive/0c59e232b8a49551b9decf6281c819618694d378.tar.gz',
16 verbose cache add   null ]
17 verbose cache add name=undefined spec="bagel-theme-prototype@https://github.com/goodtwin/bagel-theme-prototype/archive/0c59e232b8a49551b9decf6281c819618694d378.tar.gz" args=["bagel-theme-prototype@https://github.com/goodtwin/bagel-theme-prototype/archive/0c59e232b8a49551b9decf6281c819618694d378.tar.gz",null]
18 verbose parsed url { protocol: null,
18 verbose parsed url   slashes: null,
18 verbose parsed url   auth: null,
18 verbose parsed url   host: null,
18 verbose parsed url   port: null,
18 verbose parsed url   hostname: null,
18 verbose parsed url   hash: null,
18 verbose parsed url   search: null,
18 verbose parsed url   query: null,
18 verbose parsed url   pathname: 'bagel-theme-prototype@https://github.com/goodtwin/bagel-theme-prototype/archive/0c59e232b8a49551b9decf6281c819618694d378.tar.gz',
18 verbose parsed url   path: 'bagel-theme-prototype@https://github.com/goodtwin/bagel-theme-prototype/archive/0c59e232b8a49551b9decf6281c819618694d378.tar.gz',
18 verbose parsed url   href: 'bagel-theme-prototype@https://github.com/goodtwin/bagel-theme-prototype/archive/0c59e232b8a49551b9decf6281c819618694d378.tar.gz' }
19 verbose cache add [ 'assemble@~0.4.41', null ]
20 verbose cache add name=undefined spec="assemble@~0.4.41" args=["assemble@~0.4.41",null]
21 verbose parsed url { protocol: null,
21 verbose parsed url   slashes: null,
21 verbose parsed url   auth: null,
21 verbose parsed url   host: null,
21 verbose parsed url   port: null,
21 verbose parsed url   hostname: null,
21 verbose parsed url   hash: null,
21 verbose parsed url   search: null,
21 verbose parsed url   query: null,
21 verbose parsed url   pathname: 'assemble@~0.4.41',
21 verbose parsed url   path: 'assemble@~0.4.41',
21 verbose parsed url   href: 'assemble@~0.4.41' }
22 verbose cache add name="assemble" spec="~0.4.41" args=["assemble","~0.4.41"]
23 verbose parsed url { protocol: null,
23 verbose parsed url   slashes: null,
23 verbose parsed url   auth: null,
23 verbose parsed url   host: null,
23 verbose parsed url   port: null,
23 verbose parsed url   hostname: null,
23 verbose parsed url   hash: null,
23 verbose parsed url   search: null,
23 verbose parsed url   query: null,
23 verbose parsed url   pathname: '~0.4.41',
23 verbose parsed url   path: '~0.4.41',
23 verbose parsed url   href: '~0.4.41' }
24 verbose addNamed [ 'assemble', '~0.4.41' ]
25 verbose addNamed [ null, '>=0.4.41-0 <0.5.0-0' ]
26 verbose cache add [ 'bagel-layout@https://github.com/goodtwin/bagel-layout/archive/769a17cee7a7a24ef8d16219f5a7efd83135f57d.tar.gz',
26 verbose cache add   null ]
27 verbose cache add name=undefined spec="bagel-layout@https://github.com/goodtwin/bagel-layout/archive/769a17cee7a7a24ef8d16219f5a7efd83135f57d.tar.gz" args=["bagel-layout@https://github.com/goodtwin/bagel-layout/archive/769a17cee7a7a24ef8d16219f5a7efd83135f57d.tar.gz",null]
28 verbose parsed url { protocol: null,
28 verbose parsed url   slashes: null,
28 verbose parsed url   auth: null,
28 verbose parsed url   host: null,
28 verbose parsed url   port: null,
28 verbose parsed url   hostname: null,
28 verbose parsed url   hash: null,
28 verbose parsed url   search: null,
28 verbose parsed url   query: null,
28 verbose parsed url   pathname: 'bagel-layout@https://github.com/goodtwin/bagel-layout/archive/769a17cee7a7a24ef8d16219f5a7efd83135f57d.tar.gz',
28 verbose parsed url   path: 'bagel-layout@https://github.com/goodtwin/bagel-layout/archive/769a17cee7a7a24ef8d16219f5a7efd83135f57d.tar.gz',
28 verbose parsed url   href: 'bagel-layout@https://github.com/goodtwin/bagel-layout/archive/769a17cee7a7a24ef8d16219f5a7efd83135f57d.tar.gz' }
29 verbose cache add [ 'grunt@~0.4.4', null ]
30 verbose cache add name=undefined spec="grunt@~0.4.4" args=["grunt@~0.4.4",null]
31 verbose parsed url { protocol: null,
31 verbose parsed url   slashes: null,
31 verbose parsed url   auth: null,
31 verbose parsed url   host: null,
31 verbose parsed url   port: null,
31 verbose parsed url   hostname: null,
31 verbose parsed url   hash: null,
31 verbose parsed url   search: null,
31 verbose parsed url   query: null,
31 verbose parsed url   pathname: 'grunt@~0.4.4',
31 verbose parsed url   path: 'grunt@~0.4.4',
31 verbose parsed url   href: 'grunt@~0.4.4' }
32 verbose cache add name="grunt" spec="~0.4.4" args=["grunt","~0.4.4"]
33 verbose parsed url { protocol: null,
33 verbose parsed url   slashes: null,
33 verbose parsed url   auth: null,
33 verbose parsed url   host: null,
33 verbose parsed url   port: null,
33 verbose parsed url   hostname: null,
33 verbose parsed url   hash: null,
33 verbose parsed url   search: null,
33 verbose parsed url   query: null,
33 verbose parsed url   pathname: '~0.4.4',
33 verbose parsed url   path: '~0.4.4',
33 verbose parsed url   href: '~0.4.4' }
34 verbose addNamed [ 'grunt', '~0.4.4' ]
35 verbose addNamed [ null, '>=0.4.4-0 <0.5.0-0' ]
36 verbose cache add [ 'grunt-cli@~0.1.13', null ]
37 verbose cache add name=undefined spec="grunt-cli@~0.1.13" args=["grunt-cli@~0.1.13",null]
38 verbose parsed url { protocol: null,
38 verbose parsed url   slashes: null,
38 verbose parsed url   auth: null,
38 verbose parsed url   host: null,
38 verbose parsed url   port: null,
38 verbose parsed url   hostname: null,
38 verbose parsed url   hash: null,
38 verbose parsed url   search: null,
38 verbose parsed url   query: null,
38 verbose parsed url   pathname: 'grunt-cli@~0.1.13',
38 verbose parsed url   path: 'grunt-cli@~0.1.13',
38 verbose parsed url   href: 'grunt-cli@~0.1.13' }
39 verbose cache add name="grunt-cli" spec="~0.1.13" args=["grunt-cli","~0.1.13"]
40 verbose parsed url { protocol: null,
40 verbose parsed url   slashes: null,
40 verbose parsed url   auth: null,
40 verbose parsed url   host: null,
40 verbose parsed url   port: null,
40 verbose parsed url   hostname: null,
40 verbose parsed url   hash: null,
40 verbose parsed url   search: null,
40 verbose parsed url   query: null,
40 verbose parsed url   pathname: '~0.1.13',
40 verbose parsed url   path: '~0.1.13',
40 verbose parsed url   href: '~0.1.13' }
41 verbose addNamed [ 'grunt-cli', '~0.1.13' ]
42 verbose addNamed [ null, '>=0.1.13-0 <0.2.0-0' ]
43 verbose cache add [ 'grunt-contrib-watch@~0.5.3', null ]
44 verbose cache add name=undefined spec="grunt-contrib-watch@~0.5.3" args=["grunt-contrib-watch@~0.5.3",null]
45 verbose parsed url { protocol: null,
45 verbose parsed url   slashes: null,
45 verbose parsed url   auth: null,
45 verbose parsed url   host: null,
45 verbose parsed url   port: null,
45 verbose parsed url   hostname: null,
45 verbose parsed url   hash: null,
45 verbose parsed url   search: null,
45 verbose parsed url   query: null,
45 verbose parsed url   pathname: 'grunt-contrib-watch@~0.5.3',
45 verbose parsed url   path: 'grunt-contrib-watch@~0.5.3',
45 verbose parsed url   href: 'grunt-contrib-watch@~0.5.3' }
46 verbose cache add name="grunt-contrib-watch" spec="~0.5.3" args=["grunt-contrib-watch","~0.5.3"]
47 verbose parsed url { protocol: null,
47 verbose parsed url   slashes: null,
47 verbose parsed url   auth: null,
47 verbose parsed url   host: null,
47 verbose parsed url   port: null,
47 verbose parsed url   hostname: null,
47 verbose parsed url   hash: null,
47 verbose parsed url   search: null,
47 verbose parsed url   query: null,
47 verbose parsed url   pathname: '~0.5.3',
47 verbose parsed url   path: '~0.5.3',
47 verbose parsed url   href: '~0.5.3' }
48 verbose addNamed [ 'grunt-contrib-watch', '~0.5.3' ]
49 verbose addNamed [ null, '>=0.5.3-0 <0.6.0-0' ]
50 verbose cache add name="grunt-shared-config" spec="https://github.com/goodtwin/grunt-shared-config/archive/1f0a6e12b365ad9bda3e411f2a2cb74683df1d2e.tar.gz" args=["grunt-shared-config","https://github.com/goodtwin/grunt-shared-config/archive/1f0a6e12b365ad9bda3e411f2a2cb74683df1d2e.tar.gz"]
51 verbose parsed url { protocol: 'https:',
51 verbose parsed url   slashes: true,
51 verbose parsed url   auth: null,
51 verbose parsed url   host: 'github.com',
51 verbose parsed url   port: null,
51 verbose parsed url   hostname: 'github.com',
51 verbose parsed url   hash: null,
51 verbose parsed url   search: null,
51 verbose parsed url   query: null,
51 verbose parsed url   pathname: '/goodtwin/grunt-shared-config/archive/1f0a6e12b365ad9bda3e411f2a2cb74683df1d2e.tar.gz',
51 verbose parsed url   path: '/goodtwin/grunt-shared-config/archive/1f0a6e12b365ad9bda3e411f2a2cb74683df1d2e.tar.gz',
51 verbose parsed url   href: 'https://github.com/goodtwin/grunt-shared-config/archive/1f0a6e12b365ad9bda3e411f2a2cb74683df1d2e.tar.gz' }
52 verbose cache add name="bagel-functions" spec="https://github.com/goodtwin/bagel-functions/archive/3c4b85069978a83d567822e9c45faebadaf6a1ea.tar.gz" args=["bagel-functions","https://github.com/goodtwin/bagel-functions/archive/3c4b85069978a83d567822e9c45faebadaf6a1ea.tar.gz"]
53 verbose parsed url { protocol: 'https:',
53 verbose parsed url   slashes: true,
53 verbose parsed url   auth: null,
53 verbose parsed url   host: 'github.com',
53 verbose parsed url   port: null,
53 verbose parsed url   hostname: 'github.com',
53 verbose parsed url   hash: null,
53 verbose parsed url   search: null,
53 verbose parsed url   query: null,
53 verbose parsed url   pathname: '/goodtwin/bagel-functions/archive/3c4b85069978a83d567822e9c45faebadaf6a1ea.tar.gz',
53 verbose parsed url   path: '/goodtwin/bagel-functions/archive/3c4b85069978a83d567822e9c45faebadaf6a1ea.tar.gz',
53 verbose parsed url   href: 'https://github.com/goodtwin/bagel-functions/archive/3c4b85069978a83d567822e9c45faebadaf6a1ea.tar.gz' }
54 verbose cache add name="bagel-theme-prototype" spec="https://github.com/goodtwin/bagel-theme-prototype/archive/0c59e232b8a49551b9decf6281c819618694d378.tar.gz" args=["bagel-theme-prototype","https://github.com/goodtwin/bagel-theme-prototype/archive/0c59e232b8a49551b9decf6281c819618694d378.tar.gz"]
55 verbose parsed url { protocol: 'https:',
55 verbose parsed url   slashes: true,
55 verbose parsed url   auth: null,
55 verbose parsed url   host: 'github.com',
55 verbose parsed url   port: null,
55 verbose parsed url   hostname: 'github.com',
55 verbose parsed url   hash: null,
55 verbose parsed url   search: null,
55 verbose parsed url   query: null,
55 verbose parsed url   pathname: '/goodtwin/bagel-theme-prototype/archive/0c59e232b8a49551b9decf6281c819618694d378.tar.gz',
55 verbose parsed url   path: '/goodtwin/bagel-theme-prototype/archive/0c59e232b8a49551b9decf6281c819618694d378.tar.gz',
55 verbose parsed url   href: 'https://github.com/goodtwin/bagel-theme-prototype/archive/0c59e232b8a49551b9decf6281c819618694d378.tar.gz' }
56 silly lockFile a95b426c-assemble-0-4-41 assemble@~0.4.41
57 verbose lock assemble@~0.4.41 /Users/frodo/.npm/a95b426c-assemble-0-4-41.lock
58 verbose cache add name="bagel-layout" spec="https://github.com/goodtwin/bagel-layout/archive/769a17cee7a7a24ef8d16219f5a7efd83135f57d.tar.gz" args=["bagel-layout","https://github.com/goodtwin/bagel-layout/archive/769a17cee7a7a24ef8d16219f5a7efd83135f57d.tar.gz"]
59 verbose parsed url { protocol: 'https:',
59 verbose parsed url   slashes: true,
59 verbose parsed url   auth: null,
59 verbose parsed url   host: 'github.com',
59 verbose parsed url   port: null,
59 verbose parsed url   hostname: 'github.com',
59 verbose parsed url   hash: null,
59 verbose parsed url   search: null,
59 verbose parsed url   query: null,
59 verbose parsed url   pathname: '/goodtwin/bagel-layout/archive/769a17cee7a7a24ef8d16219f5a7efd83135f57d.tar.gz',
59 verbose parsed url   path: '/goodtwin/bagel-layout/archive/769a17cee7a7a24ef8d16219f5a7efd83135f57d.tar.gz',
59 verbose parsed url   href: 'https://github.com/goodtwin/bagel-layout/archive/769a17cee7a7a24ef8d16219f5a7efd83135f57d.tar.gz' }
60 silly lockFile 292565d0-ef8d16219f5a7efd83135f57d-tar-gz https://github.com/goodtwin/bagel-layout/archive/769a17cee7a7a24ef8d16219f5a7efd83135f57d.tar.gz
61 verbose lock https://github.com/goodtwin/bagel-layout/archive/769a17cee7a7a24ef8d16219f5a7efd83135f57d.tar.gz /Users/frodo/.npm/292565d0-ef8d16219f5a7efd83135f57d-tar-gz.lock
62 silly lockFile c2e8a44a-grunt-0-4-4 grunt@~0.4.4
63 verbose lock grunt@~0.4.4 /Users/frodo/.npm/c2e8a44a-grunt-0-4-4.lock
64 silly lockFile a6c878ac-grunt-cli-0-1-13 grunt-cli@~0.1.13
65 verbose lock grunt-cli@~0.1.13 /Users/frodo/.npm/a6c878ac-grunt-cli-0-1-13.lock
66 verbose cache add [ 'grunt-contrib-clean@~0.5.0', null ]
67 verbose cache add name=undefined spec="grunt-contrib-clean@~0.5.0" args=["grunt-contrib-clean@~0.5.0",null]
68 verbose parsed url { protocol: null,
68 verbose parsed url   slashes: null,
68 verbose parsed url   auth: null,
68 verbose parsed url   host: null,
68 verbose parsed url   port: null,
68 verbose parsed url   hostname: null,
68 verbose parsed url   hash: null,
68 verbose parsed url   search: null,
68 verbose parsed url   query: null,
68 verbose parsed url   pathname: 'grunt-contrib-clean@~0.5.0',
68 verbose parsed url   path: 'grunt-contrib-clean@~0.5.0',
68 verbose parsed url   href: 'grunt-contrib-clean@~0.5.0' }
69 verbose cache add name="grunt-contrib-clean" spec="~0.5.0" args=["grunt-contrib-clean","~0.5.0"]
70 verbose parsed url { protocol: null,
70 verbose parsed url   slashes: null,
70 verbose parsed url   auth: null,
70 verbose parsed url   host: null,
70 verbose parsed url   port: null,
70 verbose parsed url   hostname: null,
70 verbose parsed url   hash: null,
70 verbose parsed url   search: null,
70 verbose parsed url   query: null,
70 verbose parsed url   pathname: '~0.5.0',
70 verbose parsed url   path: '~0.5.0',
70 verbose parsed url   href: '~0.5.0' }
71 verbose addNamed [ 'grunt-contrib-clean', '~0.5.0' ]
72 verbose addNamed [ null, '>=0.5.0-0 <0.6.0-0' ]
73 silly lockFile 83f743bc-grunt-contrib-clean-0-5-0 grunt-contrib-clean@~0.5.0
74 verbose lock grunt-contrib-clean@~0.5.0 /Users/frodo/.npm/83f743bc-grunt-contrib-clean-0-5-0.lock
75 verbose cache add [ 'grunt-contrib-copy@~0.4.1', null ]
76 verbose cache add name=undefined spec="grunt-contrib-copy@~0.4.1" args=["grunt-contrib-copy@~0.4.1",null]
77 verbose parsed url { protocol: null,
77 verbose parsed url   slashes: null,
77 verbose parsed url   auth: null,
77 verbose parsed url   host: null,
77 verbose parsed url   port: null,
77 verbose parsed url   hostname: null,
77 verbose parsed url   hash: null,
77 verbose parsed url   search: null,
77 verbose parsed url   query: null,
77 verbose parsed url   pathname: 'grunt-contrib-copy@~0.4.1',
77 verbose parsed url   path: 'grunt-contrib-copy@~0.4.1',
77 verbose parsed url   href: 'grunt-contrib-copy@~0.4.1' }
78 verbose cache add name="grunt-contrib-copy" spec="~0.4.1" args=["grunt-contrib-copy","~0.4.1"]
79 verbose parsed url { protocol: null,
79 verbose parsed url   slashes: null,
79 verbose parsed url   auth: null,
79 verbose parsed url   host: null,
79 verbose parsed url   port: null,
79 verbose parsed url   hostname: null,
79 verbose parsed url   hash: null,
79 verbose parsed url   search: null,
79 verbose parsed url   query: null,
79 verbose parsed url   pathname: '~0.4.1',
79 verbose parsed url   path: '~0.4.1',
79 verbose parsed url   href: '~0.4.1' }
80 verbose addNamed [ 'grunt-contrib-copy', '~0.4.1' ]
81 verbose addNamed [ null, '>=0.4.1-0 <0.5.0-0' ]
82 silly lockFile c84f658a-grunt-contrib-copy-0-4-1 grunt-contrib-copy@~0.4.1
83 verbose lock grunt-contrib-copy@~0.4.1 /Users/frodo/.npm/c84f658a-grunt-contrib-copy-0-4-1.lock
84 verbose cache add [ 'grunt-contrib-cssmin@~0.9.0', null ]
85 verbose cache add name=undefined spec="grunt-contrib-cssmin@~0.9.0" args=["grunt-contrib-cssmin@~0.9.0",null]
86 verbose parsed url { protocol: null,
86 verbose parsed url   slashes: null,
86 verbose parsed url   auth: null,
86 verbose parsed url   host: null,
86 verbose parsed url   port: null,
86 verbose parsed url   hostname: null,
86 verbose parsed url   hash: null,
86 verbose parsed url   search: null,
86 verbose parsed url   query: null,
86 verbose parsed url   pathname: 'grunt-contrib-cssmin@~0.9.0',
86 verbose parsed url   path: 'grunt-contrib-cssmin@~0.9.0',
86 verbose parsed url   href: 'grunt-contrib-cssmin@~0.9.0' }
87 verbose cache add name="grunt-contrib-cssmin" spec="~0.9.0" args=["grunt-contrib-cssmin","~0.9.0"]
88 verbose parsed url { protocol: null,
88 verbose parsed url   slashes: null,
88 verbose parsed url   auth: null,
88 verbose parsed url   host: null,
88 verbose parsed url   port: null,
88 verbose parsed url   hostname: null,
88 verbose parsed url   hash: null,
88 verbose parsed url   search: null,
88 verbose parsed url   query: null,
88 verbose parsed url   pathname: '~0.9.0',
88 verbose parsed url   path: '~0.9.0',
88 verbose parsed url   href: '~0.9.0' }
89 verbose addNamed [ 'grunt-contrib-cssmin', '~0.9.0' ]
90 verbose addNamed [ null, '>=0.9.0-0 <0.10.0-0' ]
91 silly lockFile d7cec126-grunt-contrib-cssmin-0-9-0 grunt-contrib-cssmin@~0.9.0
92 verbose lock grunt-contrib-cssmin@~0.9.0 /Users/frodo/.npm/d7cec126-grunt-contrib-cssmin-0-9-0.lock
93 verbose cache add [ 'grunt-contrib-sass@^0.7.3', null ]
94 verbose cache add name=undefined spec="grunt-contrib-sass@^0.7.3" args=["grunt-contrib-sass@^0.7.3",null]
95 verbose parsed url { protocol: null,
95 verbose parsed url   slashes: null,
95 verbose parsed url   auth: null,
95 verbose parsed url   host: null,
95 verbose parsed url   port: null,
95 verbose parsed url   hostname: null,
95 verbose parsed url   hash: null,
95 verbose parsed url   search: null,
95 verbose parsed url   query: null,
95 verbose parsed url   pathname: 'grunt-contrib-sass@^0.7.3',
95 verbose parsed url   path: 'grunt-contrib-sass@^0.7.3',
95 verbose parsed url   href: 'grunt-contrib-sass@^0.7.3' }
96 verbose cache add name="grunt-contrib-sass" spec="^0.7.3" args=["grunt-contrib-sass","^0.7.3"]
97 verbose parsed url { protocol: null,
97 verbose parsed url   slashes: null,
97 verbose parsed url   auth: null,
97 verbose parsed url   host: null,
97 verbose parsed url   port: null,
97 verbose parsed url   hostname: null,
97 verbose parsed url   hash: null,
97 verbose parsed url   search: null,
97 verbose parsed url   query: null,
97 verbose parsed url   pathname: '^0.7.3',
97 verbose parsed url   path: '^0.7.3',
97 verbose parsed url   href: '^0.7.3' }
98 verbose addNamed [ 'grunt-contrib-sass', '^0.7.3' ]
99 verbose addNamed [ null, '>=0.7.3-0 <0.8.0-0' ]
100 silly lockFile b76c787f-grunt-contrib-sass-0-7-3 grunt-contrib-sass@^0.7.3
101 verbose lock grunt-contrib-sass@^0.7.3 /Users/frodo/.npm/b76c787f-grunt-contrib-sass-0-7-3.lock
102 verbose cache add [ 'grunt-myth@~0.1.1', null ]
103 verbose cache add name=undefined spec="grunt-myth@~0.1.1" args=["grunt-myth@~0.1.1",null]
104 verbose parsed url { protocol: null,
104 verbose parsed url   slashes: null,
104 verbose parsed url   auth: null,
104 verbose parsed url   host: null,
104 verbose parsed url   port: null,
104 verbose parsed url   hostname: null,
104 verbose parsed url   hash: null,
104 verbose parsed url   search: null,
104 verbose parsed url   query: null,
104 verbose parsed url   pathname: 'grunt-myth@~0.1.1',
104 verbose parsed url   path: 'grunt-myth@~0.1.1',
104 verbose parsed url   href: 'grunt-myth@~0.1.1' }
105 verbose cache add name="grunt-myth" spec="~0.1.1" args=["grunt-myth","~0.1.1"]
106 verbose parsed url { protocol: null,
106 verbose parsed url   slashes: null,
106 verbose parsed url   auth: null,
106 verbose parsed url   host: null,
106 verbose parsed url   port: null,
106 verbose parsed url   hostname: null,
106 verbose parsed url   hash: null,
106 verbose parsed url   search: null,
106 verbose parsed url   query: null,
106 verbose parsed url   pathname: '~0.1.1',
106 verbose parsed url   path: '~0.1.1',
106 verbose parsed url   href: '~0.1.1' }
107 verbose addNamed [ 'grunt-myth', '~0.1.1' ]
108 verbose addNamed [ null, '>=0.1.1-0 <0.2.0-0' ]
109 silly lockFile c0e2a6ee-grunt-myth-0-1-1 grunt-myth@~0.1.1
110 verbose lock grunt-myth@~0.1.1 /Users/frodo/.npm/c0e2a6ee-grunt-myth-0-1-1.lock
111 verbose cache add [ 'load-grunt-tasks@~0.4.0', null ]
112 verbose cache add name=undefined spec="load-grunt-tasks@~0.4.0" args=["load-grunt-tasks@~0.4.0",null]
113 verbose parsed url { protocol: null,
113 verbose parsed url   slashes: null,
113 verbose parsed url   auth: null,
113 verbose parsed url   host: null,
113 verbose parsed url   port: null,
113 verbose parsed url   hostname: null,
113 verbose parsed url   hash: null,
113 verbose parsed url   search: null,
113 verbose parsed url   query: null,
113 verbose parsed url   pathname: 'load-grunt-tasks@~0.4.0',
113 verbose parsed url   path: 'load-grunt-tasks@~0.4.0',
113 verbose parsed url   href: 'load-grunt-tasks@~0.4.0' }
114 verbose cache add name="load-grunt-tasks" spec="~0.4.0" args=["load-grunt-tasks","~0.4.0"]
115 verbose parsed url { protocol: null,
115 verbose parsed url   slashes: null,
115 verbose parsed url   auth: null,
115 verbose parsed url   host: null,
115 verbose parsed url   port: null,
115 verbose parsed url   hostname: null,
115 verbose parsed url   hash: null,
115 verbose parsed url   search: null,
115 verbose parsed url   query: null,
115 verbose parsed url   pathname: '~0.4.0',
115 verbose parsed url   path: '~0.4.0',
115 verbose parsed url   href: '~0.4.0' }
116 verbose addNamed [ 'load-grunt-tasks', '~0.4.0' ]
117 verbose addNamed [ null, '>=0.4.0-0 <0.5.0-0' ]
118 silly lockFile db6ec5cc-load-grunt-tasks-0-4-0 load-grunt-tasks@~0.4.0
119 verbose lock load-grunt-tasks@~0.4.0 /Users/frodo/.npm/db6ec5cc-load-grunt-tasks-0-4-0.lock
120 silly lockFile b469febc-grunt-contrib-watch-0-5-3 grunt-contrib-watch@~0.5.3
121 verbose lock grunt-contrib-watch@~0.5.3 /Users/frodo/.npm/b469febc-grunt-contrib-watch-0-5-3.lock
122 silly lockFile e7e323a6-bda3e411f2a2cb74683df1d2e-tar-gz https://github.com/goodtwin/grunt-shared-config/archive/1f0a6e12b365ad9bda3e411f2a2cb74683df1d2e.tar.gz
123 verbose lock https://github.com/goodtwin/grunt-shared-config/archive/1f0a6e12b365ad9bda3e411f2a2cb74683df1d2e.tar.gz /Users/frodo/.npm/e7e323a6-bda3e411f2a2cb74683df1d2e-tar-gz.lock
124 silly lockFile b0e3d600-d567822e9c45faebadaf6a1ea-tar-gz https://github.com/goodtwin/bagel-functions/archive/3c4b85069978a83d567822e9c45faebadaf6a1ea.tar.gz
125 verbose lock https://github.com/goodtwin/bagel-functions/archive/3c4b85069978a83d567822e9c45faebadaf6a1ea.tar.gz /Users/frodo/.npm/b0e3d600-d567822e9c45faebadaf6a1ea-tar-gz.lock
126 silly lockFile 525cd90c-1b9decf6281c819618694d378-tar-gz https://github.com/goodtwin/bagel-theme-prototype/archive/0c59e232b8a49551b9decf6281c819618694d378.tar.gz
127 verbose lock https://github.com/goodtwin/bagel-theme-prototype/archive/0c59e232b8a49551b9decf6281c819618694d378.tar.gz /Users/frodo/.npm/525cd90c-1b9decf6281c819618694d378-tar-gz.lock
128 silly addNameRange { name: 'assemble',
128 silly addNameRange   range: '>=0.4.41-0 <0.5.0-0',
128 silly addNameRange   hasData: false }
129 verbose addRemoteTarball [ 'https://github.com/goodtwin/bagel-layout/archive/769a17cee7a7a24ef8d16219f5a7efd83135f57d.tar.gz',
129 verbose addRemoteTarball   null ]
130 silly addNameRange { name: 'grunt', range: '>=0.4.4-0 <0.5.0-0', hasData: false }
131 silly addNameRange { name: 'grunt-cli',
131 silly addNameRange   range: '>=0.1.13-0 <0.2.0-0',
131 silly addNameRange   hasData: false }
132 silly addNameRange { name: 'grunt-contrib-clean',
132 silly addNameRange   range: '>=0.5.0-0 <0.6.0-0',
132 silly addNameRange   hasData: false }
133 silly addNameRange { name: 'grunt-contrib-copy',
133 silly addNameRange   range: '>=0.4.1-0 <0.5.0-0',
133 silly addNameRange   hasData: false }
134 silly addNameRange { name: 'grunt-contrib-cssmin',
134 silly addNameRange   range: '>=0.9.0-0 <0.10.0-0',
134 silly addNameRange   hasData: false }
135 silly addNameRange { name: 'grunt-contrib-sass',
135 silly addNameRange   range: '>=0.7.3-0 <0.8.0-0',
135 silly addNameRange   hasData: false }
136 silly addNameRange { name: 'grunt-myth',
136 silly addNameRange   range: '>=0.1.1-0 <0.2.0-0',
136 silly addNameRange   hasData: false }
137 silly addNameRange { name: 'load-grunt-tasks',
137 silly addNameRange   range: '>=0.4.0-0 <0.5.0-0',
137 silly addNameRange   hasData: false }
138 silly addNameRange { name: 'grunt-contrib-watch',
138 silly addNameRange   range: '>=0.5.3-0 <0.6.0-0',
138 silly addNameRange   hasData: false }
139 verbose addRemoteTarball [ 'https://github.com/goodtwin/grunt-shared-config/archive/1f0a6e12b365ad9bda3e411f2a2cb74683df1d2e.tar.gz',
139 verbose addRemoteTarball   null ]
140 verbose addRemoteTarball [ 'https://github.com/goodtwin/bagel-functions/archive/3c4b85069978a83d567822e9c45faebadaf6a1ea.tar.gz',
140 verbose addRemoteTarball   null ]
141 verbose addRemoteTarball [ 'https://github.com/goodtwin/bagel-theme-prototype/archive/0c59e232b8a49551b9decf6281c819618694d378.tar.gz',
141 verbose addRemoteTarball   null ]
142 info retry fetch attempt 1 at 13:16:07
143 verbose fetch to= /var/folders/cd/srrbgfq93_v4gjxtx179hx0w0000gn/T/npm-62074--1772LuO/1408472167841-0.4489691397175193/tmp.tgz
144 info retry fetch attempt 1 at 13:16:07
145 verbose fetch to= /var/folders/cd/srrbgfq93_v4gjxtx179hx0w0000gn/T/npm-62074--1772LuO/1408472167839-0.4875152036547661/tmp.tgz
146 verbose url raw assemble
147 verbose url resolving [ 'https://registry.npmjs.org/', './assemble' ]
148 verbose url resolved https://registry.npmjs.org/assemble
149 info trying registry request attempt 1 at 13:16:07
150 verbose etag "DJXLVPPCKV7B5IKKLX0QLCC8Q"
151 http GET https://registry.npmjs.org/assemble
152 info retry fetch attempt 1 at 13:16:07
153 verbose fetch to= /var/folders/cd/srrbgfq93_v4gjxtx179hx0w0000gn/T/npm-62074--1772LuO/1408472167839-0.8793184470850974/tmp.tgz
154 verbose url raw grunt
155 verbose url resolving [ 'https://registry.npmjs.org/', './grunt' ]
156 verbose url resolved https://registry.npmjs.org/grunt
157 info trying registry request attempt 1 at 13:16:07
158 verbose etag "B7HZTGO9B9UR7SLMMHSC4GMVK"
159 http GET https://registry.npmjs.org/grunt
160 verbose url raw grunt-cli
161 verbose url resolving [ 'https://registry.npmjs.org/', './grunt-cli' ]
162 verbose url resolved https://registry.npmjs.org/grunt-cli
163 info trying registry request attempt 1 at 13:16:07
164 verbose etag "B27BXZ89Q6GL42J4TJNE0O9KS"
165 http GET https://registry.npmjs.org/grunt-cli
166 verbose url raw grunt-contrib-clean
167 verbose url resolving [ 'https://registry.npmjs.org/', './grunt-contrib-clean' ]
168 verbose url resolved https://registry.npmjs.org/grunt-contrib-clean
169 info trying registry request attempt 1 at 13:16:07
170 verbose etag "2CCCE9LFFJ2ZXCJ0IO3H8TAH5"
171 http GET https://registry.npmjs.org/grunt-contrib-clean
172 verbose url raw grunt-contrib-copy
173 verbose url resolving [ 'https://registry.npmjs.org/', './grunt-contrib-copy' ]
174 verbose url resolved https://registry.npmjs.org/grunt-contrib-copy
175 info trying registry request attempt 1 at 13:16:07
176 verbose etag "I05YG6WO9YYB8TSRCUSW5A8A"
177 http GET https://registry.npmjs.org/grunt-contrib-copy
178 info retry fetch attempt 1 at 13:16:07
179 verbose fetch to= /var/folders/cd/srrbgfq93_v4gjxtx179hx0w0000gn/T/npm-62074--1772LuO/1408472167839-0.2619023472070694/tmp.tgz
180 http GET https://github.com/goodtwin/bagel-layout/archive/769a17cee7a7a24ef8d16219f5a7efd83135f57d.tar.gz
181 verbose url raw grunt-contrib-cssmin
182 verbose url resolving [ 'https://registry.npmjs.org/', './grunt-contrib-cssmin' ]
183 verbose url resolved https://registry.npmjs.org/grunt-contrib-cssmin
184 info trying registry request attempt 1 at 13:16:07
185 verbose etag "29FNC4JMTNT4CX05X4JLTAD0X"
186 http GET https://registry.npmjs.org/grunt-contrib-cssmin
187 verbose url raw grunt-contrib-sass
188 verbose url resolving [ 'https://registry.npmjs.org/', './grunt-contrib-sass' ]
189 verbose url resolved https://registry.npmjs.org/grunt-contrib-sass
190 info trying registry request attempt 1 at 13:16:07
191 verbose etag "8DYUYK5GQFLPCPAW2HRG2229H"
192 http GET https://registry.npmjs.org/grunt-contrib-sass
193 verbose url raw grunt-myth
194 verbose url resolving [ 'https://registry.npmjs.org/', './grunt-myth' ]
195 verbose url resolved https://registry.npmjs.org/grunt-myth
196 info trying registry request attempt 1 at 13:16:07
197 verbose etag "9G29Q2NZM2SHTENBPAOU3QHDP"
198 http GET https://registry.npmjs.org/grunt-myth
199 verbose url raw load-grunt-tasks
200 verbose url resolving [ 'https://registry.npmjs.org/', './load-grunt-tasks' ]
201 verbose url resolved https://registry.npmjs.org/load-grunt-tasks
202 info trying registry request attempt 1 at 13:16:07
203 verbose etag "7573X5GCYGX63AREYB7JC2H7N"
204 http GET https://registry.npmjs.org/load-grunt-tasks
205 verbose url raw grunt-contrib-watch
206 verbose url resolving [ 'https://registry.npmjs.org/', './grunt-contrib-watch' ]
207 verbose url resolved https://registry.npmjs.org/grunt-contrib-watch
208 info trying registry request attempt 1 at 13:16:07
209 verbose etag "3L5H9XJ2KRCZSBT7X44E8Z8VD"
210 http GET https://registry.npmjs.org/grunt-contrib-watch
211 http GET https://github.com/goodtwin/grunt-shared-config/archive/1f0a6e12b365ad9bda3e411f2a2cb74683df1d2e.tar.gz
212 http GET https://github.com/goodtwin/bagel-functions/archive/3c4b85069978a83d567822e9c45faebadaf6a1ea.tar.gz
213 http GET https://github.com/goodtwin/bagel-theme-prototype/archive/0c59e232b8a49551b9decf6281c819618694d378.tar.gz
214 http 304 https://registry.npmjs.org/grunt-contrib-copy
215 silly registry.get cb [ 304,
215 silly registry.get   { date: 'Tue, 19 Aug 2014 18:16:08 GMT',
215 silly registry.get     server: 'Apache',
215 silly registry.get     via: '1.1 varnish',
215 silly registry.get     'last-modified': 'Tue, 19 Aug 2014 18:16:08 GMT',
215 silly registry.get     'cache-control': 'max-age=60',
215 silly registry.get     etag: '"I05YG6WO9YYB8TSRCUSW5A8A"',
215 silly registry.get     'x-served-by': 'cache-dfw1824-DFW',
215 silly registry.get     'x-cache': 'HIT',
215 silly registry.get     'x-cache-hits': '1',
215 silly registry.get     'x-timer': 'S1408472168.877155,VS0,VE0',
215 silly registry.get     vary: 'Accept',
215 silly registry.get     'content-length': '0',
215 silly registry.get     'keep-alive': 'timeout=10, max=50',
215 silly registry.get     connection: 'Keep-Alive' } ]
216 verbose etag grunt-contrib-copy from cache
217 silly addNameRange number 2 { name: 'grunt-contrib-copy',
217 silly addNameRange   range: '>=0.4.1-0 <0.5.0-0',
217 silly addNameRange   hasData: true }
218 silly addNameRange versions [ 'grunt-contrib-copy',
218 silly addNameRange   [ '0.2.0',
218 silly addNameRange     '0.2.1',
218 silly addNameRange     '0.2.2',
218 silly addNameRange     '0.2.3',
218 silly addNameRange     '0.2.4',
218 silly addNameRange     '0.3.0',
218 silly addNameRange     '0.3.1',
218 silly addNameRange     '0.3.2',
218 silly addNameRange     '0.4.0',
218 silly addNameRange     '0.4.1',
218 silly addNameRange     '0.5.0',
218 silly addNameRange     '0.4.0-rc7' ] ]
219 verbose addNamed [ 'grunt-contrib-copy', '0.4.1' ]
220 verbose addNamed [ '0.4.1', '0.4.1' ]
221 silly lockFile 4dbab511-grunt-contrib-copy-0-4-1 grunt-contrib-copy@0.4.1
222 verbose lock grunt-contrib-copy@0.4.1 /Users/frodo/.npm/4dbab511-grunt-contrib-copy-0-4-1.lock
223 http 304 https://registry.npmjs.org/grunt-contrib-clean
224 silly registry.get cb [ 304,
224 silly registry.get   { date: 'Tue, 19 Aug 2014 18:16:08 GMT',
224 silly registry.get     server: 'Apache',
224 silly registry.get     via: '1.1 varnish',
224 silly registry.get     'last-modified': 'Tue, 19 Aug 2014 18:16:08 GMT',
224 silly registry.get     'cache-control': 'max-age=60',
224 silly registry.get     etag: '"2CCCE9LFFJ2ZXCJ0IO3H8TAH5"',
224 silly registry.get     'x-served-by': 'cache-dfw1829-DFW',
224 silly registry.get     'x-cache': 'HIT',
224 silly registry.get     'x-cache-hits': '1',
224 silly registry.get     'x-timer': 'S1408472168.884680,VS0,VE0',
224 silly registry.get     vary: 'Accept',
224 silly registry.get     'content-length': '0',
224 silly registry.get     'keep-alive': 'timeout=10, max=50',
224 silly registry.get     connection: 'Keep-Alive' } ]
225 verbose etag grunt-contrib-clean from cache
226 silly lockFile 4dbab511-grunt-contrib-copy-0-4-1 grunt-contrib-copy@0.4.1
227 silly lockFile 4dbab511-grunt-contrib-copy-0-4-1 grunt-contrib-copy@0.4.1
228 silly lockFile c84f658a-grunt-contrib-copy-0-4-1 grunt-contrib-copy@~0.4.1
229 silly lockFile c84f658a-grunt-contrib-copy-0-4-1 grunt-contrib-copy@~0.4.1
230 silly addNameRange number 2 { name: 'grunt-contrib-clean',
230 silly addNameRange   range: '>=0.5.0-0 <0.6.0-0',
230 silly addNameRange   hasData: true }
231 silly addNameRange versions [ 'grunt-contrib-clean',
231 silly addNameRange   [ '0.1.0',
231 silly addNameRange     '0.2.0',
231 silly addNameRange     '0.3.0',
231 silly addNameRange     '0.3.1',
231 silly addNameRange     '0.3.2',
231 silly addNameRange     '0.4.0',
231 silly addNameRange     '0.4.1',
231 silly addNameRange     '0.5.0',
231 silly addNameRange     '0.6.0',
231 silly addNameRange     '0.4.0-a',
231 silly addNameRange     '0.4.0-rc5',
231 silly addNameRange     '0.4.0-rc6' ] ]
232 verbose addNamed [ 'grunt-contrib-clean', '0.5.0' ]
233 verbose addNamed [ '0.5.0', '0.5.0' ]
234 silly lockFile 9e0b1814-grunt-contrib-clean-0-5-0 grunt-contrib-clean@0.5.0
235 verbose lock grunt-contrib-clean@0.5.0 /Users/frodo/.npm/9e0b1814-grunt-contrib-clean-0-5-0.lock
236 silly lockFile 9e0b1814-grunt-contrib-clean-0-5-0 grunt-contrib-clean@0.5.0
237 silly lockFile 9e0b1814-grunt-contrib-clean-0-5-0 grunt-contrib-clean@0.5.0
238 silly lockFile 83f743bc-grunt-contrib-clean-0-5-0 grunt-contrib-clean@~0.5.0
239 silly lockFile 83f743bc-grunt-contrib-clean-0-5-0 grunt-contrib-clean@~0.5.0
240 http 304 https://registry.npmjs.org/grunt-cli
241 silly registry.get cb [ 304,
241 silly registry.get   { date: 'Tue, 19 Aug 2014 18:16:08 GMT',
241 silly registry.get     server: 'Apache',
241 silly registry.get     via: '1.1 varnish',
241 silly registry.get     'last-modified': 'Tue, 19 Aug 2014 18:16:08 GMT',
241 silly registry.get     'cache-control': 'max-age=60',
241 silly registry.get     etag: '"B27BXZ89Q6GL42J4TJNE0O9KS"',
241 silly registry.get     'x-served-by': 'cache-dfw1825-DFW',
241 silly registry.get     'x-cache': 'HIT',
241 silly registry.get     'x-cache-hits': '1',
241 silly registry.get     'x-timer': 'S1408472168.893313,VS0,VE0',
241 silly registry.get     vary: 'Accept',
241 silly registry.get     'content-length': '0',
241 silly registry.get     'keep-alive': 'timeout=10, max=50',
241 silly registry.get     connection: 'Keep-Alive' } ]
242 verbose etag grunt-cli from cache
243 http 304 https://registry.npmjs.org/grunt
244 silly registry.get cb [ 304,
244 silly registry.get   { date: 'Tue, 19 Aug 2014 18:16:08 GMT',
244 silly registry.get     server: 'Apache',
244 silly registry.get     via: '1.1 varnish',
244 silly registry.get     'last-modified': 'Tue, 19 Aug 2014 18:16:08 GMT',
244 silly registry.get     'cache-control': 'max-age=60',
244 silly registry.get     etag: '"B7HZTGO9B9UR7SLMMHSC4GMVK"',
244 silly registry.get     'x-served-by': 'cache-dfw1835-DFW',
244 silly registry.get     'x-cache': 'HIT',
244 silly registry.get     'x-cache-hits': '2',
244 silly registry.get     'x-timer': 'S1408472168.890718,VS0,VE0',
244 silly registry.get     vary: 'Accept',
244 silly registry.get     'content-length': '0',
244 silly registry.get     'keep-alive': 'timeout=10, max=50',
244 silly registry.get     connection: 'Keep-Alive' } ]
245 verbose etag grunt from cache
246 silly addNameRange number 2 { name: 'grunt-cli',
246 silly addNameRange   range: '>=0.1.13-0 <0.2.0-0',
246 silly addNameRange   hasData: true }
247 silly addNameRange versions [ 'grunt-cli',
247 silly addNameRange   [ '0.1.0',
247 silly addNameRange     '0.1.1',
247 silly addNameRange     '0.1.2',
247 silly addNameRange     '0.1.3',
247 silly addNameRange     '0.1.4',
247 silly addNameRange     '0.1.5',
247 silly addNameRange     '0.1.6',
247 silly addNameRange     '0.1.7',
247 silly addNameRange     '0.1.8',
247 silly addNameRange     '0.1.9',
247 silly addNameRange     '0.1.10',
247 silly addNameRange     '0.1.11',
247 silly addNameRange     '0.1.12',
247 silly addNameRange     '0.1.13' ] ]
248 verbose addNamed [ 'grunt-cli', '0.1.13' ]
249 verbose addNamed [ '0.1.13', '0.1.13' ]
250 silly lockFile 28997503-grunt-cli-0-1-13 grunt-cli@0.1.13
251 verbose lock grunt-cli@0.1.13 /Users/frodo/.npm/28997503-grunt-cli-0-1-13.lock
252 silly addNameRange number 2 { name: 'grunt', range: '>=0.4.4-0 <0.5.0-0', hasData: true }
253 silly addNameRange versions [ 'grunt',
253 silly addNameRange   [ '0.1.0',
253 silly addNameRange     '0.1.1',
253 silly addNameRange     '0.1.2',
253 silly addNameRange     '0.2.0',
253 silly addNameRange     '0.2.1',
253 silly addNameRange     '0.2.2',
253 silly addNameRange     '0.2.3',
253 silly addNameRange     '0.2.4',
253 silly addNameRange     '0.2.5',
253 silly addNameRange     '0.2.6',
253 silly addNameRange     '0.2.7',
253 silly addNameRange     '0.2.8',
253 silly addNameRange     '0.2.9',
253 silly addNameRange     '0.2.10',
253 silly addNameRange     '0.2.11',
253 silly addNameRange     '0.2.12',
253 silly addNameRange     '0.2.13',
253 silly addNameRange     '0.2.14',
253 silly addNameRange     '0.2.15',
253 silly addNameRange     '0.3.0',
253 silly addNameRange     '0.3.1',
253 silly addNameRange     '0.3.2',
253 silly addNameRange     '0.3.3',
253 silly addNameRange     '0.3.4',
253 silly addNameRange     '0.3.5',
253 silly addNameRange     '0.3.6',
253 silly addNameRange     '0.3.7',
253 silly addNameRange     '0.3.8',
253 silly addNameRange     '0.3.9',
253 silly addNameRange     '0.3.10',
253 silly addNameRange     '0.3.11',
253 silly addNameRange     '0.3.12',
253 silly addNameRange     '0.3.13',
253 silly addNameRange     '0.3.14',
253 silly addNameRange     '0.3.15',
253 silly addNameRange     '0.3.16',
253 silly addNameRange     '0.3.17',
253 silly addNameRange     '0.4.0',
253 silly addNameRange     '0.4.1',
253 silly addNameRange     '0.4.2',
253 silly addNameRange     '0.4.3',
253 silly addNameRange     '0.4.4',
253 silly addNameRange     '0.4.5',
253 silly addNameRange     '0.3.13-a',
253 silly addNameRange     '0.4.0-a',
253 silly addNameRange     '0.4.0-rc1',
253 silly addNameRange     '0.4.0-rc2',
253 silly addNameRange     '0.4.0-rc3',
253 silly addNameRange     '0.4.0-rc4',
253 silly addNameRange     '0.4.0-rc5',
253 silly addNameRange     '0.4.0-rc6',
253 silly addNameRange     '0.4.0-rc7',
253 silly addNameRange     '0.4.0-rc8' ] ]
254 verbose addNamed [ 'grunt', '0.4.5' ]
255 verbose addNamed [ '0.4.5', '0.4.5' ]
256 silly lockFile 81abf7ad-grunt-0-4-5 grunt@0.4.5
257 verbose lock grunt@0.4.5 /Users/frodo/.npm/81abf7ad-grunt-0-4-5.lock
258 silly lockFile 28997503-grunt-cli-0-1-13 grunt-cli@0.1.13
259 silly lockFile 28997503-grunt-cli-0-1-13 grunt-cli@0.1.13
260 silly lockFile 81abf7ad-grunt-0-4-5 grunt@0.4.5
261 silly lockFile 81abf7ad-grunt-0-4-5 grunt@0.4.5
262 silly lockFile a6c878ac-grunt-cli-0-1-13 grunt-cli@~0.1.13
263 silly lockFile a6c878ac-grunt-cli-0-1-13 grunt-cli@~0.1.13
264 silly lockFile c2e8a44a-grunt-0-4-4 grunt@~0.4.4
265 silly lockFile c2e8a44a-grunt-0-4-4 grunt@~0.4.4
266 http 304 https://registry.npmjs.org/assemble
267 silly registry.get cb [ 304,
267 silly registry.get   { date: 'Tue, 19 Aug 2014 18:16:08 GMT',
267 silly registry.get     server: 'Apache',
267 silly registry.get     via: '1.1 varnish',
267 silly registry.get     'last-modified': 'Tue, 19 Aug 2014 18:16:08 GMT',
267 silly registry.get     'cache-control': 'max-age=60',
267 silly registry.get     etag: '"DJXLVPPCKV7B5IKKLX0QLCC8Q"',
267 silly registry.get     'x-served-by': 'cache-dfw1831-DFW',
267 silly registry.get     'x-cache': 'MISS',
267 silly registry.get     'x-cache-hits': '0',
267 silly registry.get     'x-timer': 'S1408472168.879323,VS0,VE60',
267 silly registry.get     vary: 'Accept',
267 silly registry.get     'content-length': '0',
267 silly registry.get     'keep-alive': 'timeout=10, max=50',
267 silly registry.get     connection: 'Keep-Alive' } ]
268 verbose etag assemble from cache
269 silly addNameRange number 2 { name: 'assemble', range: '>=0.4.41-0 <0.5.0-0', hasData: true }
270 silly addNameRange versions [ 'assemble',
270 silly addNameRange   [ '0.1.1',
270 silly addNameRange     '0.3.1',
270 silly addNameRange     '0.3.2',
270 silly addNameRange     '0.3.3',
270 silly addNameRange     '0.3.10',
270 silly addNameRange     '0.3.11',
270 silly addNameRange     '0.3.13',
270 silly addNameRange     '0.3.14',
270 silly addNameRange     '0.3.15',
270 silly addNameRange     '0.3.21',
270 silly addNameRange     '0.3.22',
270 silly addNameRange     '0.3.23',
270 silly addNameRange     '0.3.24',
270 silly addNameRange     '0.3.27',
270 silly addNameRange     '0.3.28',
270 silly addNameRange     '0.3.30',
270 silly addNameRange     '0.3.31',
270 silly addNameRange     '0.3.4',
270 silly addNameRange     '0.3.6',
270 silly addNameRange     '0.3.71',
270 silly addNameRange     '0.3.8',
270 silly addNameRange     '0.3.72',
270 silly addNameRange     '0.3.73',
270 silly addNameRange     '0.3.74',
270 silly addNameRange     '0.3.75',
270 silly addNameRange     '0.3.76',
270 silly addNameRange     '0.3.77',
270 silly addNameRange     '0.3.78',
270 silly addNameRange     '0.3.79',
270 silly addNameRange     '0.3.80',
270 silly addNameRange     '0.3.81',
270 silly addNameRange     '0.3.82',
270 silly addNameRange     '0.3.83',
270 silly addNameRange     '0.4.0',
270 silly addNameRange     '0.4.1',
270 silly addNameRange     '0.4.2',
270 silly addNameRange     '0.4.3',
270 silly addNameRange     '0.4.4',
270 silly addNameRange     '0.4.5',
270 silly addNameRange     '0.4.6',
270 silly addNameRange     '0.4.7',
270 silly addNameRange     '0.4.8',
270 silly addNameRange     '0.4.9',
270 silly addNameRange     '0.4.11',
270 silly addNameRange     '0.4.12',
270 silly addNameRange     '0.4.13',
270 silly addNameRange     '0.4.14',
270 silly addNameRange     '0.4.15',
270 silly addNameRange     '0.4.16',
270 silly addNameRange     '0.4.17',
270 silly addNameRange     '0.4.18',
270 silly addNameRange     '0.4.20',
270 silly addNameRange     '0.4.21',
270 silly addNameRange     '0.4.22',
270 silly addNameRange     '0.4.23',
270 silly addNameRange     '0.4.24',
270 silly addNameRange     '0.4.26',
270 silly addNameRange     '0.4.27',
270 silly addNameRange     '0.4.28',
270 silly addNameRange     '0.4.29',
270 silly addNameRange     '0.4.30',
270 silly addNameRange     '0.4.31',
270 silly addNameRange     '0.4.32',
270 silly addNameRange     '0.4.33',
270 silly addNameRange     '0.4.34',
270 silly addNameRange     '0.4.35',
270 silly addNameRange     '0.4.36',
270 silly addNameRange     '0.4.37',
270 silly addNameRange     '0.4.39',
270 silly addNameRange     '0.4.40',
270 silly addNameRange     '0.4.41' ] ]
271 verbose addNamed [ 'assemble', '0.4.41' ]
272 verbose addNamed [ '0.4.41', '0.4.41' ]
273 silly lockFile 44deb6fd-assemble-0-4-41 assemble@0.4.41
274 verbose lock assemble@0.4.41 /Users/frodo/.npm/44deb6fd-assemble-0-4-41.lock
275 silly lockFile 44deb6fd-assemble-0-4-41 assemble@0.4.41
276 silly lockFile 44deb6fd-assemble-0-4-41 assemble@0.4.41
277 silly lockFile a95b426c-assemble-0-4-41 assemble@~0.4.41
278 silly lockFile a95b426c-assemble-0-4-41 assemble@~0.4.41
279 http 304 https://registry.npmjs.org/grunt-contrib-cssmin
280 silly registry.get cb [ 304,
280 silly registry.get   { date: 'Tue, 19 Aug 2014 18:16:08 GMT',
280 silly registry.get     server: 'Apache',
280 silly registry.get     via: '1.1 varnish',
280 silly registry.get     'last-modified': 'Tue, 19 Aug 2014 18:16:08 GMT',
280 silly registry.get     'cache-control': 'max-age=60',
280 silly registry.get     etag: '"29FNC4JMTNT4CX05X4JLTAD0X"',
280 silly registry.get     'x-served-by': 'cache-dfw1824-DFW',
280 silly registry.get     'x-cache': 'HIT',
280 silly registry.get     'x-cache-hits': '1',
280 silly registry.get     'x-timer': 'S1408472168.967583,VS0,VE0',
280 silly registry.get     vary: 'Accept',
280 silly registry.get     'content-length': '0',
280 silly registry.get     'keep-alive': 'timeout=10, max=49',
280 silly registry.get     connection: 'Keep-Alive' } ]
281 verbose etag grunt-contrib-cssmin from cache
282 http 304 https://registry.npmjs.org/grunt-contrib-sass
283 silly registry.get cb [ 304,
283 silly registry.get   { date: 'Tue, 19 Aug 2014 18:16:08 GMT',
283 silly registry.get     server: 'Apache',
283 silly registry.get     via: '1.1 varnish',
283 silly registry.get     'last-modified': 'Tue, 19 Aug 2014 18:16:08 GMT',
283 silly registry.get     'cache-control': 'max-age=60',
283 silly registry.get     etag: '"8DYUYK5GQFLPCPAW2HRG2229H"',
283 silly registry.get     'x-served-by': 'cache-dfw1829-DFW',
283 silly registry.get     'x-cache': 'HIT',
283 silly registry.get     'x-cache-hits': '1',
283 silly registry.get     'x-timer': 'S1408472168.997285,VS0,VE0',
283 silly registry.get     vary: 'Accept',
283 silly registry.get     'content-length': '0',
283 silly registry.get     'keep-alive': 'timeout=10, max=49',
283 silly registry.get     connection: 'Keep-Alive' } ]
284 verbose etag grunt-contrib-sass from cache
285 silly addNameRange number 2 { name: 'grunt-contrib-cssmin',
285 silly addNameRange   range: '>=0.9.0-0 <0.10.0-0',
285 silly addNameRange   hasData: true }
286 silly addNameRange versions [ 'grunt-contrib-cssmin',
286 silly addNameRange   [ '0.4.0',
286 silly addNameRange     '0.4.1',
286 silly addNameRange     '0.4.2',
286 silly addNameRange     '0.5.0',
286 silly addNameRange     '0.6.0',
286 silly addNameRange     '0.6.1',
286 silly addNameRange     '0.6.2',
286 silly addNameRange     '0.7.0',
286 silly addNameRange     '0.8.0',
286 silly addNameRange     '0.9.0',
286 silly addNameRange     '0.10.0' ] ]
287 verbose addNamed [ 'grunt-contrib-cssmin', '0.9.0' ]
288 verbose addNamed [ '0.9.0', '0.9.0' ]
289 silly lockFile 0e2d2cad-grunt-contrib-cssmin-0-9-0 grunt-contrib-cssmin@0.9.0
290 verbose lock grunt-contrib-cssmin@0.9.0 /Users/frodo/.npm/0e2d2cad-grunt-contrib-cssmin-0-9-0.lock
291 silly addNameRange number 2 { name: 'grunt-contrib-sass',
291 silly addNameRange   range: '>=0.7.3-0 <0.8.0-0',
291 silly addNameRange   hasData: true }
292 silly addNameRange versions [ 'grunt-contrib-sass',
292 silly addNameRange   [ '0.1.0',
292 silly addNameRange     '0.1.1',
292 silly addNameRange     '0.1.2',
292 silly addNameRange     '0.1.3',
292 silly addNameRange     '0.2.0',
292 silly addNameRange     '0.2.1',
292 silly addNameRange     '0.2.2',
292 silly addNameRange     '0.3.0',
292 silly addNameRange     '0.4.0',
292 silly addNameRange     '0.4.1',
292 silly addNameRange     '0.5.0',
292 silly addNameRange     '0.5.1',
292 silly addNameRange     '0.6.0',
292 silly addNameRange     '0.2.2-rc7',
292 silly addNameRange     '0.7.0',
292 silly addNameRange     '0.7.1',
292 silly addNameRange     '0.7.2',
292 silly addNameRange     '0.7.3',
292 silly addNameRange     '0.7.4' ] ]
293 verbose addNamed [ 'grunt-contrib-sass', '0.7.4' ]
294 verbose addNamed [ '0.7.4', '0.7.4' ]
295 silly lockFile 99ee2b83-grunt-contrib-sass-0-7-4 grunt-contrib-sass@0.7.4
296 verbose lock grunt-contrib-sass@0.7.4 /Users/frodo/.npm/99ee2b83-grunt-contrib-sass-0-7-4.lock
297 silly lockFile 99ee2b83-grunt-contrib-sass-0-7-4 grunt-contrib-sass@0.7.4
298 silly lockFile 99ee2b83-grunt-contrib-sass-0-7-4 grunt-contrib-sass@0.7.4
299 silly lockFile 0e2d2cad-grunt-contrib-cssmin-0-9-0 grunt-contrib-cssmin@0.9.0
300 silly lockFile 0e2d2cad-grunt-contrib-cssmin-0-9-0 grunt-contrib-cssmin@0.9.0
301 silly lockFile b76c787f-grunt-contrib-sass-0-7-3 grunt-contrib-sass@^0.7.3
302 silly lockFile b76c787f-grunt-contrib-sass-0-7-3 grunt-contrib-sass@^0.7.3
303 silly lockFile d7cec126-grunt-contrib-cssmin-0-9-0 grunt-contrib-cssmin@~0.9.0
304 silly lockFile d7cec126-grunt-contrib-cssmin-0-9-0 grunt-contrib-cssmin@~0.9.0
305 http 304 https://registry.npmjs.org/load-grunt-tasks
306 silly registry.get cb [ 304,
306 silly registry.get   { date: 'Tue, 19 Aug 2014 18:16:09 GMT',
306 silly registry.get     server: 'Apache',
306 silly registry.get     via: '1.1 varnish',
306 silly registry.get     'last-modified': 'Tue, 19 Aug 2014 18:16:09 GMT',
306 silly registry.get     'cache-control': 'max-age=60',
306 silly registry.get     etag: '"7573X5GCYGX63AREYB7JC2H7N"',
306 silly registry.get     'x-served-by': 'cache-dfw1835-DFW',
306 silly registry.get     'x-cache': 'HIT',
306 silly registry.get     'x-cache-hits': '1',
306 silly registry.get     'x-timer': 'S1408472169.024485,VS0,VE0',
306 silly registry.get     vary: 'Accept',
306 silly registry.get     'content-length': '0',
306 silly registry.get     'keep-alive': 'timeout=10, max=49',
306 silly registry.get     connection: 'Keep-Alive' } ]
307 verbose etag load-grunt-tasks from cache
308 silly addNameRange number 2 { name: 'load-grunt-tasks',
308 silly addNameRange   range: '>=0.4.0-0 <0.5.0-0',
308 silly addNameRange   hasData: true }
309 silly addNameRange versions [ 'load-grunt-tasks',
309 silly addNameRange   [ '0.1.0',
309 silly addNameRange     '0.1.1',
309 silly addNameRange     '0.1.2',
309 silly addNameRange     '0.1.3',
309 silly addNameRange     '0.2.0',
309 silly addNameRange     '0.2.1',
309 silly addNameRange     '0.3.0',
309 silly addNameRange     '0.4.0',
309 silly addNameRange     '0.5.0',
309 silly addNameRange     '0.6.0' ] ]
310 verbose addNamed [ 'load-grunt-tasks', '0.4.0' ]
311 verbose addNamed [ '0.4.0', '0.4.0' ]
312 silly lockFile e083907d-load-grunt-tasks-0-4-0 load-grunt-tasks@0.4.0
313 verbose lock load-grunt-tasks@0.4.0 /Users/frodo/.npm/e083907d-load-grunt-tasks-0-4-0.lock
314 silly lockFile e083907d-load-grunt-tasks-0-4-0 load-grunt-tasks@0.4.0
315 silly lockFile e083907d-load-grunt-tasks-0-4-0 load-grunt-tasks@0.4.0
316 silly lockFile db6ec5cc-load-grunt-tasks-0-4-0 load-grunt-tasks@~0.4.0
317 silly lockFile db6ec5cc-load-grunt-tasks-0-4-0 load-grunt-tasks@~0.4.0
318 http 304 https://registry.npmjs.org/grunt-contrib-watch
319 silly registry.get cb [ 304,
319 silly registry.get   { date: 'Tue, 19 Aug 2014 18:16:09 GMT',
319 silly registry.get     server: 'Apache',
319 silly registry.get     via: '1.1 varnish',
319 silly registry.get     'last-modified': 'Tue, 19 Aug 2014 18:16:09 GMT',
319 silly registry.get     'cache-control': 'max-age=60',
319 silly registry.get     etag: '"3L5H9XJ2KRCZSBT7X44E8Z8VD"',
319 silly registry.get     'x-served-by': 'cache-dfw1831-DFW',
319 silly registry.get     'x-cache': 'HIT',
319 silly registry.get     'x-cache-hits': '1',
319 silly registry.get     'x-timer': 'S1408472169.073272,VS0,VE0',
319 silly registry.get     vary: 'Accept',
319 silly registry.get     'content-length': '0',
319 silly registry.get     'keep-alive': 'timeout=10, max=49',
319 silly registry.get     connection: 'Keep-Alive' } ]
320 verbose etag grunt-contrib-watch from cache
321 silly addNameRange number 2 { name: 'grunt-contrib-watch',
321 silly addNameRange   range: '>=0.5.3-0 <0.6.0-0',
321 silly addNameRange   hasData: true }
322 silly addNameRange versions [ 'grunt-contrib-watch',
322 silly addNameRange   [ '0.1.0',
322 silly addNameRange     '0.1.1',
322 silly addNameRange     '0.1.2',
322 silly addNameRange     '0.1.3',
322 silly addNameRange     '0.1.4',
322 silly addNameRange     '0.2.0',
322 silly addNameRange     '0.3.0',
322 silly addNameRange     '0.3.1',
322 silly addNameRange     '0.4.0',
322 silly addNameRange     '0.4.1',
322 silly addNameRange     '0.4.2',
322 silly addNameRange     '0.4.3',
322 silly addNameRange     '0.4.4',
322 silly addNameRange     '0.5.0',
322 silly addNameRange     '0.5.1',
322 silly addNameRange     '0.5.2',
322 silly addNameRange     '0.5.3',
322 silly addNameRange     '0.6.0',
322 silly addNameRange     '0.6.1',
322 silly addNameRange     '0.2.0-a',
322 silly addNameRange     '0.2.0-rc5',
322 silly addNameRange     '0.2.0-rc7' ] ]
323 verbose addNamed [ 'grunt-contrib-watch', '0.5.3' ]
324 verbose addNamed [ '0.5.3', '0.5.3' ]
325 silly lockFile d70d7cec-grunt-contrib-watch-0-5-3 grunt-contrib-watch@0.5.3
326 verbose lock grunt-contrib-watch@0.5.3 /Users/frodo/.npm/d70d7cec-grunt-contrib-watch-0-5-3.lock
327 silly lockFile d70d7cec-grunt-contrib-watch-0-5-3 grunt-contrib-watch@0.5.3
328 silly lockFile d70d7cec-grunt-contrib-watch-0-5-3 grunt-contrib-watch@0.5.3
329 silly lockFile b469febc-grunt-contrib-watch-0-5-3 grunt-contrib-watch@~0.5.3
330 silly lockFile b469febc-grunt-contrib-watch-0-5-3 grunt-contrib-watch@~0.5.3
331 http 304 https://registry.npmjs.org/grunt-myth
332 silly registry.get cb [ 304,
332 silly registry.get   { date: 'Tue, 19 Aug 2014 18:16:09 GMT',
332 silly registry.get     server: 'Apache',
332 silly registry.get     via: '1.1 varnish',
332 silly registry.get     'last-modified': 'Tue, 19 Aug 2014 18:16:09 GMT',
332 silly registry.get     'cache-control': 'max-age=60',
332 silly registry.get     etag: '"9G29Q2NZM2SHTENBPAOU3QHDP"',
332 silly registry.get     'x-served-by': 'cache-dfw1825-DFW',
332 silly registry.get     'x-cache': 'MISS',
332 silly registry.get     'x-cache-hits': '0',
332 silly registry.get     'x-timer': 'S1408472169.019478,VS0,VE67',
332 silly registry.get     vary: 'Accept',
332 silly registry.get     'content-length': '0',
332 silly registry.get     'keep-alive': 'timeout=10, max=49',
332 silly registry.get     connection: 'Keep-Alive' } ]
333 verbose etag grunt-myth from cache
334 silly addNameRange number 2 { name: 'grunt-myth',
334 silly addNameRange   range: '>=0.1.1-0 <0.2.0-0',
334 silly addNameRange   hasData: true }
335 silly addNameRange versions [ 'grunt-myth',
335 silly addNameRange   [ '0.1.0', '0.1.1', '0.2.0', '0.3.0', '0.3.1' ] ]
336 verbose addNamed [ 'grunt-myth', '0.1.1' ]
337 verbose addNamed [ '0.1.1', '0.1.1' ]
338 silly lockFile a91a387c-grunt-myth-0-1-1 grunt-myth@0.1.1
339 verbose lock grunt-myth@0.1.1 /Users/frodo/.npm/a91a387c-grunt-myth-0-1-1.lock
340 silly lockFile a91a387c-grunt-myth-0-1-1 grunt-myth@0.1.1
341 silly lockFile a91a387c-grunt-myth-0-1-1 grunt-myth@0.1.1
342 silly lockFile c0e2a6ee-grunt-myth-0-1-1 grunt-myth@~0.1.1
343 silly lockFile c0e2a6ee-grunt-myth-0-1-1 grunt-myth@~0.1.1
344 http 200 https://github.com/goodtwin/bagel-layout/archive/769a17cee7a7a24ef8d16219f5a7efd83135f57d.tar.gz
345 http 200 https://github.com/goodtwin/bagel-functions/archive/3c4b85069978a83d567822e9c45faebadaf6a1ea.tar.gz
346 verbose tar unpack /var/folders/cd/srrbgfq93_v4gjxtx179hx0w0000gn/T/npm-62074--1772LuO/1408472167841-0.4489691397175193/tmp.tgz
347 silly lockFile e8a83ab5-67841-0-4489691397175193-package tar:///var/folders/cd/srrbgfq93_v4gjxtx179hx0w0000gn/T/npm-62074--1772LuO/1408472167841-0.4489691397175193/package
348 verbose lock tar:///var/folders/cd/srrbgfq93_v4gjxtx179hx0w0000gn/T/npm-62074--1772LuO/1408472167841-0.4489691397175193/package /Users/frodo/.npm/e8a83ab5-67841-0-4489691397175193-package.lock
349 silly lockFile fc0ad91c-67841-0-4489691397175193-tmp-tgz tar:///var/folders/cd/srrbgfq93_v4gjxtx179hx0w0000gn/T/npm-62074--1772LuO/1408472167841-0.4489691397175193/tmp.tgz
350 verbose lock tar:///var/folders/cd/srrbgfq93_v4gjxtx179hx0w0000gn/T/npm-62074--1772LuO/1408472167841-0.4489691397175193/tmp.tgz /Users/frodo/.npm/fc0ad91c-67841-0-4489691397175193-tmp-tgz.lock
351 silly gunzTarPerm modes [ '755', '644' ]
352 verbose tar unpack /var/folders/cd/srrbgfq93_v4gjxtx179hx0w0000gn/T/npm-62074--1772LuO/1408472167839-0.8793184470850974/tmp.tgz
353 silly lockFile 7311e17e-67839-0-8793184470850974-package tar:///var/folders/cd/srrbgfq93_v4gjxtx179hx0w0000gn/T/npm-62074--1772LuO/1408472167839-0.8793184470850974/package
354 verbose lock tar:///var/folders/cd/srrbgfq93_v4gjxtx179hx0w0000gn/T/npm-62074--1772LuO/1408472167839-0.8793184470850974/package /Users/frodo/.npm/7311e17e-67839-0-8793184470850974-package.lock
355 silly lockFile 2ee86801-67839-0-8793184470850974-tmp-tgz tar:///var/folders/cd/srrbgfq93_v4gjxtx179hx0w0000gn/T/npm-62074--1772LuO/1408472167839-0.8793184470850974/tmp.tgz
356 verbose lock tar:///var/folders/cd/srrbgfq93_v4gjxtx179hx0w0000gn/T/npm-62074--1772LuO/1408472167839-0.8793184470850974/tmp.tgz /Users/frodo/.npm/2ee86801-67839-0-8793184470850974-tmp-tgz.lock
357 silly gunzTarPerm extractEntry
358 silly gunzTarPerm modified mode [ '', 509, 493 ]
359 silly gunzTarPerm modes [ '755', '644' ]
360 http 200 https://github.com/goodtwin/grunt-shared-config/archive/1f0a6e12b365ad9bda3e411f2a2cb74683df1d2e.tar.gz
361 silly gunzTarPerm extractEntry .gitignore
362 silly gunzTarPerm modified mode [ '.gitignore', 436, 420 ]
363 silly gunzTarPerm extractEntry Gruntfile.js
364 silly gunzTarPerm modified mode [ 'Gruntfile.js', 436, 420 ]
365 silly gunzTarPerm extractEntry LICENSE
366 silly gunzTarPerm modified mode [ 'LICENSE', 436, 420 ]
367 silly gunzTarPerm extractEntry
368 silly gunzTarPerm modified mode [ '', 509, 493 ]
369 silly gunzTarPerm extractEntry README.md
370 silly gunzTarPerm modified mode [ 'README.md', 436, 420 ]
371 silly gunzTarPerm extractEntry config.yml
372 silly gunzTarPerm modified mode [ 'config.yml', 436, 420 ]
373 silly gunzTarPerm extractEntry .gitignore
374 silly gunzTarPerm modified mode [ '.gitignore', 436, 420 ]
375 silly gunzTarPerm extractEntry Gruntfile.js
376 silly gunzTarPerm modified mode [ 'Gruntfile.js', 436, 420 ]
377 silly gunzTarPerm extractEntry LICENSE
378 silly gunzTarPerm modified mode [ 'LICENSE', 436, 420 ]
379 silly gunzTarPerm extractEntry README.md
380 silly gunzTarPerm modified mode [ 'README.md', 436, 420 ]
381 silly gunzTarPerm extractEntry _font-size.scss
382 silly gunzTarPerm modified mode [ '_font-size.scss', 436, 420 ]
383 silly gunzTarPerm extractEntry display/
384 silly gunzTarPerm modified mode [ 'display/', 509, 493 ]
385 silly gunzTarPerm extractEntry display/_alignment.scss
386 silly gunzTarPerm modified mode [ 'display/_alignment.scss', 436, 420 ]
387 silly gunzTarPerm extractEntry _ideal-grid.scss
388 silly gunzTarPerm modified mode [ '_ideal-grid.scss', 436, 420 ]
389 silly gunzTarPerm extractEntry _import-once.scss
390 silly gunzTarPerm modified mode [ '_import-once.scss', 436, 420 ]
391 silly gunzTarPerm extractEntry display/_clearfix.scss
392 silly gunzTarPerm modified mode [ 'display/_clearfix.scss', 436, 420 ]
393 silly gunzTarPerm extractEntry display/_display.scss
394 silly gunzTarPerm modified mode [ 'display/_display.scss', 436, 420 ]
395 silly gunzTarPerm extractEntry _map.scss
396 silly gunzTarPerm modified mode [ '_map.scss', 436, 420 ]
397 silly gunzTarPerm extractEntry _math.scss
398 silly gunzTarPerm modified mode [ '_math.scss', 436, 420 ]
399 silly gunzTarPerm extractEntry display/_fullbleed.scss
400 silly gunzTarPerm modified mode [ 'display/_fullbleed.scss', 436, 420 ]
401 silly gunzTarPerm extractEntry display/_size.scss
402 silly gunzTarPerm modified mode [ 'display/_size.scss', 436, 420 ]
403 silly gunzTarPerm extractEntry display/_spacing.scss
404 silly gunzTarPerm modified mode [ 'display/_spacing.scss', 436, 420 ]
405 silly gunzTarPerm extractEntry display/_visibility.scss
406 silly gunzTarPerm modified mode [ 'display/_visibility.scss', 436, 420 ]
407 silly gunzTarPerm extractEntry display/_widths.scss
408 silly gunzTarPerm modified mode [ 'display/_widths.scss', 436, 420 ]
409 silly gunzTarPerm extractEntry display/init.scss
410 silly gunzTarPerm modified mode [ 'display/init.scss', 436, 420 ]
411 silly gunzTarPerm extractEntry flexbox/
412 silly gunzTarPerm modified mode [ 'flexbox/', 509, 493 ]
413 silly gunzTarPerm extractEntry flexbox/_flexbox.scss
414 silly gunzTarPerm modified mode [ 'flexbox/_flexbox.scss', 436, 420 ]
415 silly gunzTarPerm extractEntry flexbox/init.scss
416 silly gunzTarPerm modified mode [ 'flexbox/init.scss', 436, 420 ]
417 silly gunzTarPerm extractEntry init.scss
418 silly gunzTarPerm modified mode [ 'init.scss', 436, 420 ]
419 silly gunzTarPerm extractEntry normalize/
420 silly gunzTarPerm modified mode [ 'normalize/', 509, 493 ]
421 silly gunzTarPerm extractEntry normalize/_normalize.scss
422 silly gunzTarPerm modified mode [ 'normalize/_normalize.scss', 436, 420 ]
423 silly gunzTarPerm extractEntry normalize/init.scss
424 silly gunzTarPerm modified mode [ 'normalize/init.scss', 436, 420 ]
425 silly gunzTarPerm extractEntry package.json
426 silly gunzTarPerm modified mode [ 'package.json', 436, 420 ]
427 silly gunzTarPerm extractEntry type/
428 silly gunzTarPerm modified mode [ 'type/', 509, 493 ]
429 silly gunzTarPerm extractEntry type/_font-size.scss
430 silly gunzTarPerm modified mode [ 'type/_font-size.scss', 436, 420 ]
431 silly gunzTarPerm extractEntry type/_transform.scss
432 silly gunzTarPerm modified mode [ 'type/_transform.scss', 436, 420 ]
433 silly gunzTarPerm extractEntry type/init.scss
434 silly gunzTarPerm modified mode [ 'type/init.scss', 436, 420 ]
435 silly gunzTarPerm extractEntry _media-query.scss
436 silly gunzTarPerm modified mode [ '_media-query.scss', 436, 420 ]
437 silly gunzTarPerm extractEntry _tint-shade.scss
438 silly gunzTarPerm modified mode [ '_tint-shade.scss', 436, 420 ]
439 silly gunzTarPerm extractEntry _truncate.scss
440 silly gunzTarPerm modified mode [ '_truncate.scss', 436, 420 ]
441 silly gunzTarPerm extractEntry config.yml
442 silly gunzTarPerm modified mode [ 'config.yml', 436, 420 ]
443 silly gunzTarPerm extractEntry init.scss
444 silly gunzTarPerm modified mode [ 'init.scss', 436, 420 ]
445 http 200 https://github.com/goodtwin/bagel-theme-prototype/archive/0c59e232b8a49551b9decf6281c819618694d378.tar.gz
446 silly gunzTarPerm extractEntry package.json
447 silly gunzTarPerm modified mode [ 'package.json', 436, 420 ]
448 verbose tar unpack /var/folders/cd/srrbgfq93_v4gjxtx179hx0w0000gn/T/npm-62074--1772LuO/1408472167839-0.2619023472070694/tmp.tgz
449 silly lockFile dbbbda43-67839-0-2619023472070694-package tar:///var/folders/cd/srrbgfq93_v4gjxtx179hx0w0000gn/T/npm-62074--1772LuO/1408472167839-0.2619023472070694/package
450 verbose lock tar:///var/folders/cd/srrbgfq93_v4gjxtx179hx0w0000gn/T/npm-62074--1772LuO/1408472167839-0.2619023472070694/package /Users/frodo/.npm/dbbbda43-67839-0-2619023472070694-package.lock
451 silly lockFile ac304c3a-67839-0-2619023472070694-tmp-tgz tar:///var/folders/cd/srrbgfq93_v4gjxtx179hx0w0000gn/T/npm-62074--1772LuO/1408472167839-0.2619023472070694/tmp.tgz
452 verbose lock tar:///var/folders/cd/srrbgfq93_v4gjxtx179hx0w0000gn/T/npm-62074--1772LuO/1408472167839-0.2619023472070694/tmp.tgz /Users/frodo/.npm/ac304c3a-67839-0-2619023472070694-tmp-tgz.lock
453 silly gunzTarPerm modes [ '755', '644' ]
454 silly gunzTarPerm extractEntry
455 silly gunzTarPerm modified mode [ '', 509, 493 ]
456 silly gunzTarPerm extractEntry _color.scss
457 silly gunzTarPerm modified mode [ '_color.scss', 436, 420 ]
458 silly gunzTarPerm extractEntry _iconset.scss
459 silly gunzTarPerm modified mode [ '_iconset.scss', 436, 420 ]
460 silly gunzTarPerm extractEntry _typography.scss
461 silly gunzTarPerm modified mode [ '_typography.scss', 436, 420 ]
462 silly gunzTarPerm extractEntry init.scss
463 silly gunzTarPerm modified mode [ 'init.scss', 436, 420 ]
464 silly gunzTarPerm extractEntry readme.md
465 silly gunzTarPerm modified mode [ 'readme.md', 436, 420 ]
466 silly lockFile dbbbda43-67839-0-2619023472070694-package tar:///var/folders/cd/srrbgfq93_v4gjxtx179hx0w0000gn/T/npm-62074--1772LuO/1408472167839-0.2619023472070694/package
467 silly lockFile dbbbda43-67839-0-2619023472070694-package tar:///var/folders/cd/srrbgfq93_v4gjxtx179hx0w0000gn/T/npm-62074--1772LuO/1408472167839-0.2619023472070694/package
468 silly lockFile ac304c3a-67839-0-2619023472070694-tmp-tgz tar:///var/folders/cd/srrbgfq93_v4gjxtx179hx0w0000gn/T/npm-62074--1772LuO/1408472167839-0.2619023472070694/tmp.tgz
469 silly lockFile ac304c3a-67839-0-2619023472070694-tmp-tgz tar:///var/folders/cd/srrbgfq93_v4gjxtx179hx0w0000gn/T/npm-62074--1772LuO/1408472167839-0.2619023472070694/tmp.tgz
470 silly lockFile 525cd90c-1b9decf6281c819618694d378-tar-gz https://github.com/goodtwin/bagel-theme-prototype/archive/0c59e232b8a49551b9decf6281c819618694d378.tar.gz
471 silly lockFile 525cd90c-1b9decf6281c819618694d378-tar-gz https://github.com/goodtwin/bagel-theme-prototype/archive/0c59e232b8a49551b9decf6281c819618694d378.tar.gz
472 error Error: ENOENT, open '/var/folders/cd/srrbgfq93_v4gjxtx179hx0w0000gn/T/npm-62074--1772LuO/1408472167839-0.2619023472070694/package/package.json'
473 error If you need help, you may report this *entire* log,
473 error including the npm and node versions, at:
473 error     <http://github.com/npm/npm/issues>
474 error System Darwin 13.3.0
475 error command "/opt/boxen/nodenv/versions/v0.10/bin/node" "/opt/boxen/nodenv/versions/v0.10/bin/npm" "install"
476 error cwd /Users/frodo/src/bagel-styleguide
477 error node -v v0.10.26
478 error npm -v 1.4.3
479 error path /var/folders/cd/srrbgfq93_v4gjxtx179hx0w0000gn/T/npm-62074--1772LuO/1408472167839-0.2619023472070694/package/package.json
480 error code ENOENT
481 error errno 34
482 verbose exit [ 34, true ]
